<?xml version="1.0" encoding="UTF-8"?>
<!-- Generated by org.testng.reporters.JUnitXMLReporter -->
<testsuite hostname="DESKTOP-IFJIGM4" ignored="0" name="Default test(failed)" tests="1" failures="1" timestamp="2022-05-13T12:26:07 CDT" time="4.652" errors="0">
  <testcase name="loginTest" time="1.05" classname="testNG_project.CRM_TestNG">
    <failure type="java.lang.AssertionError" message="Dashboard expected [ Dashboard ] but found [Wrong Page!!]">
      <![CDATA[java.lang.AssertionError: Dashboard expected [ Dashboard ] but found [Wrong Page!!]
at testNG_project.CRM_TestNG.loginTest(CRM_TestNG.java:42)
at java.util.ArrayList.forEach(ArrayList.java:1259)
... Removed 32 stack frames]]>
    </failure>
  </testcase> <!-- loginTest -->
</testsuite> <!-- Default test(failed) -->
