<?xml version="1.0" encoding="UTF-8"?>
<testng-results skipped="0" failed="0" ignored="0" total="2" passed="2">
  <reporter-output>
  </reporter-output>
  <suite name="Default suite" duration-ms="17830" started-at="2022-05-14T08:56:48 CDT" finished-at="2022-05-14T08:57:06 CDT">
    <groups>
    </groups>
    <test name="Default test" duration-ms="17830" started-at="2022-05-14T08:56:48 CDT" finished-at="2022-05-14T08:57:06 CDT">
      <class name="testNG_project.CRM_TestNG">
        <test-method status="PASS" signature="readconfig()[pri:0, instance:testNG_project.CRM_TestNG@687080dc]" name="readconfig" is-config="true" duration-ms="15" started-at="2022-05-14T08:56:48 CDT" finished-at="2022-05-14T08:56:48 CDT">
          <reporter-output>
          </reporter-output>
        </test-method> <!-- readconfig -->
        <test-method status="PASS" signature="init()[pri:0, instance:testNG_project.CRM_TestNG@687080dc]" name="init" is-config="true" duration-ms="7410" started-at="2022-05-14T08:56:48 CDT" finished-at="2022-05-14T08:56:55 CDT">
          <reporter-output>
          </reporter-output>
        </test-method> <!-- init -->
        <test-method status="PASS" signature="loginTest()[pri:1, instance:testNG_project.CRM_TestNG@687080dc]" name="loginTest" duration-ms="2386" started-at="2022-05-14T08:56:55 CDT" finished-at="2022-05-14T08:56:58 CDT">
          <reporter-output>
          </reporter-output>
        </test-method> <!-- loginTest -->
        <test-method status="PASS" signature="init()[pri:0, instance:testNG_project.CRM_TestNG@687080dc]" name="init" is-config="true" duration-ms="3654" started-at="2022-05-14T08:56:58 CDT" finished-at="2022-05-14T08:57:01 CDT">
          <reporter-output>
          </reporter-output>
        </test-method> <!-- init -->
        <test-method status="PASS" signature="addCustomerTest()[pri:2, instance:testNG_project.CRM_TestNG@687080dc]" name="addCustomerTest" duration-ms="4295" started-at="2022-05-14T08:57:01 CDT" finished-at="2022-05-14T08:57:06 CDT">
          <reporter-output>
          </reporter-output>
        </test-method> <!-- addCustomerTest -->
      </class> <!-- testNG_project.CRM_TestNG -->
    </test> <!-- Default test -->
  </suite> <!-- Default suite -->
</testng-results>
